[   10804ms] [ERROR] Failed to load resource: the server responded with a status of 404 (Not Found) @ http://localhost:6006/azure-icons/support.svg:0
[   10824ms] [ERROR] Failed to load resource: the server responded with a status of 404 (Not Found) @ http://localhost:6006/azure-icons/support.svg:0
[   10831ms] [ERROR] Failed to load resource: the server responded with a status of 404 (Not Found) @ http://localhost:6006/azure-icons/load-balancers.svg:0
[   87693ms] [ERROR] Failed to load resource: the server responded with a status of 404 (Not Found) @ http://localhost:6006/azure-icons/support.svg:0
[   87703ms] [ERROR] Failed to load resource: the server responded with a status of 404 (Not Found) @ http://localhost:6006/azure-icons/load-balancers.svg:0
[   87843ms] [ERROR] SyntaxError: The requested module '/src/components/GlobalHeader/SREGlobalHeader.tsx?t=1772886505777' does not provide an export named 'SREGlobalHeader' @ http://localhost:6006/node_modules/.cache/storybook/10.2.16/1c3385a5d25e538d10b518b310c74d3ca2690b6aaffeadccd74da79736171f86/sb-vite/deps/storybook_internal_preview_runtime.js?v=721c00ec:13669
[   88075ms] [ERROR] Failed to load resource: the server responded with a status of 404 (Not Found) @ http://localhost:6006/azure-icons/support.svg:0
[   88083ms] [ERROR] Failed to load resource: the server responded with a status of 404 (Not Found) @ http://localhost:6006/azure-icons/load-balancers.svg:0
[   88625ms] [WARNING] Attempted to set a global (measureEnabled) that is not defined in initial globals or globalTypes @ http://localhost:6006/node_modules/.cache/storybook/10.2.16/1c3385a5d25e538d10b518b310c74d3ca2690b6aaffeadccd74da79736171f86/sb-vite/deps/storybook_internal_preview_runtime.js?v=721c00ec:13666
[   88625ms] [WARNING] Attempted to set a global (backgrounds) that is not defined in initial globals or globalTypes @ http://localhost:6006/node_modules/.cache/storybook/10.2.16/1c3385a5d25e538d10b518b310c74d3ca2690b6aaffeadccd74da79736171f86/sb-vite/deps/storybook_internal_preview_runtime.js?v=721c00ec:13666
[   88625ms] [WARNING] Attempted to set a global (outline) that is not defined in initial globals or globalTypes @ http://localhost:6006/node_modules/.cache/storybook/10.2.16/1c3385a5d25e538d10b518b310c74d3ca2690b6aaffeadccd74da79736171f86/sb-vite/deps/storybook_internal_preview_runtime.js?v=721c00ec:13666
[   88625ms] [WARNING] Attempted to set a global (viewport) that is not defined in initial globals or globalTypes @ http://localhost:6006/node_modules/.cache/storybook/10.2.16/1c3385a5d25e538d10b518b310c74d3ca2690b6aaffeadccd74da79736171f86/sb-vite/deps/storybook_internal_preview_runtime.js?v=721c00ec:13666
[   88645ms] [ERROR] Error loading story index: @ http://localhost:6006/node_modules/.cache/storybook/10.2.16/1c3385a5d25e538d10b518b310c74d3ca2690b6aaffeadccd74da79736171f86/sb-vite/deps/storybook_internal_preview_runtime.js?v=721c00ec:13669
[   88645ms] [ERROR] TypeError: Failed to fetch
    at PreviewWeb.getStoryIndexFromServer (http://localhost:6006/node_modules/.cache/storybook/10.2.16/1c3385a5d25e538d10b518b310c74d3ca2690b6aaffeadccd74da79736171f86/sb-vite/deps/storybook_internal_preview_runtime.js?v=721c00ec:35679:24)
    at PreviewWeb.onStoryIndexChanged (http://localhost:6006/node_modules/.cache/storybook/10.2.16/1c3385a5d25e538d10b518b310c74d3ca2690b6aaffeadccd74da79736171f86/sb-vite/deps/storybook_internal_preview_runtime.js?v=721c00ec:35722:37)
    at http://localhost:6006/node_modules/.cache/storybook/10.2.16/1c3385a5d25e538d10b518b310c74d3ca2690b6aaffeadccd74da79736171f86/sb-vite/deps/storybook_internal_preview_runtime.js?v=721c00ec:13630:11
    at Array.forEach (<anonymous>)
    at Channel.handleEvent (http://localhost:6006/node_modules/.cache/storybook/10.2.16/1c3385a5d25e538d10b518b310c74d3ca2690b6aaffeadccd74da79736171f86/sb-vite/deps/storybook_internal_preview_runtime.js?v=721c00ec:13629:51)
    at WebsocketTransport.handler (http://localhost:6006/node_modules/.cache/storybook/10.2.16/1c3385a5d25e538d10b518b310c74d3ca2690b6aaffeadccd74da79736171f86/sb-vite/deps/storybook_internal_preview_runtime.js?v=721c00ec:13578:36)
    at WebsocketTransport.socket.onmessage (http://localhost:6006/node_modules/.cache/storybook/10.2.16/1c3385a5d25e538d10b518b310c74d3ca2690b6aaffeadccd74da79736171f86/sb-vite/deps/storybook_internal_preview_runtime.js?v=721c00ec:15094:81) @ http://localhost:6006/node_modules/.cache/storybook/10.2.16/1c3385a5d25e538d10b518b310c74d3ca2690b6aaffeadccd74da79736171f86/sb-vite/deps/storybook_internal_preview_runtime.js?v=721c00ec:13669
[   88649ms] [ERROR] %c manager %c received %cstorybook/instrumenter/sync%c but was unable to determine the source of the event color: #37D5D3; background: black  color: #FFAE00  @ http://localhost:6006/sb-manager/globals-runtime.js:5813
[   88649ms] [ERROR] %c manager %c received %cstorybook/instrumenter/sync%c but was unable to determine the source of the event color: #37D5D3; background: black  color: #FFAE00  @ http://localhost:6006/sb-manager/globals-runtime.js:5813
[   88649ms] [ERROR] %c manager %c received %cstorybook/instrumenter/sync%c but was unable to determine the source of the event color: #37D5D3; background: black  color: #FFAE00  @ http://localhost:6006/sb-manager/globals-runtime.js:5813
[   88649ms] [ERROR] %c manager %c received %cstorybook/instrumenter/sync%c but was unable to determine the source of the event color: #37D5D3; background: black  color: #FFAE00  @ http://localhost:6006/sb-manager/globals-runtime.js:5813
[   88649ms] [ERROR] %c manager %c received %cstoryHotUpdated%c but was unable to determine the source of the event color: #37D5D3; background: black  color: #FF4785  @ http://localhost:6006/sb-manager/globals-runtime.js:5813
[   88649ms] [ERROR] %c manager %c received %cconfigError%c but was unable to determine the source of the event color: #37D5D3; background: black  color: #FF4785  @ http://localhost:6006/sb-manager/globals-runtime.js:5813
[   89163ms] [ERROR] Failed to load resource: the server responded with a status of 404 (Not Found) @ http://localhost:6006/azure-icons/support.svg:0
[   89182ms] [ERROR] Failed to load resource: the server responded with a status of 404 (Not Found) @ http://localhost:6006/azure-icons/support.svg:0
[   89191ms] [ERROR] Failed to load resource: the server responded with a status of 404 (Not Found) @ http://localhost:6006/azure-icons/load-balancers.svg:0
[  411277ms] [ERROR] Failed to load resource: the server responded with a status of 404 (Not Found) @ http://localhost:6006/azure-icons/support.svg:0
[  411278ms] [ERROR] Failed to load resource: the server responded with a status of 404 (Not Found) @ http://localhost:6006/azure-icons/load-balancers.svg:0
[ 1648575ms] [ERROR] %c manager %c received %cstoryRenderPhaseChanged%c but was unable to determine the source of the event color: #37D5D3; background: black  color: #FF4785  @ http://localhost:6006/sb-manager/globals-runtime.js:5813
[ 1648575ms] [ERROR] %c manager %c received %cstoryRendered%c but was unable to determine the source of the event color: #37D5D3; background: black  color: #FF4785  @ http://localhost:6006/sb-manager/globals-runtime.js:5813
[ 1648575ms] [ERROR] %c manager %c received %cstoryRenderPhaseChanged%c but was unable to determine the source of the event color: #37D5D3; background: black  color: #FF4785  @ http://localhost:6006/sb-manager/globals-runtime.js:5813
[ 1648575ms] [ERROR] %c manager %c received %cstoryRenderPhaseChanged%c but was unable to determine the source of the event color: #37D5D3; background: black  color: #FF4785  @ http://localhost:6006/sb-manager/globals-runtime.js:5813
[ 1648575ms] [ERROR] %c manager %c received %cstoryFinished%c but was unable to determine the source of the event color: #37D5D3; background: black  color: #FF4785  @ http://localhost:6006/sb-manager/globals-runtime.js:5813
[ 1648575ms] [ERROR] %c manager %c received %cstoryRenderPhaseChanged%c but was unable to determine the source of the event color: #37D5D3; background: black  color: #FF4785  @ http://localhost:6006/sb-manager/globals-runtime.js:5813
[ 1648576ms] [ERROR] %c manager %c received %cstoryRendered%c but was unable to determine the source of the event color: #37D5D3; background: black  color: #FF4785  @ http://localhost:6006/sb-manager/globals-runtime.js:5813
[ 1648576ms] [ERROR] %c manager %c received %cstoryRenderPhaseChanged%c but was unable to determine the source of the event color: #37D5D3; background: black  color: #FF4785  @ http://localhost:6006/sb-manager/globals-runtime.js:5813
[ 1648576ms] [ERROR] %c manager %c received %cstoryRenderPhaseChanged%c but was unable to determine the source of the event color: #37D5D3; background: black  color: #FF4785  @ http://localhost:6006/sb-manager/globals-runtime.js:5813
[ 1648576ms] [ERROR] %c manager %c received %cstoryFinished%c but was unable to determine the source of the event color: #37D5D3; background: black  color: #FF4785  @ http://localhost:6006/sb-manager/globals-runtime.js:5813
[ 1649382ms] [ERROR] Failed to load resource: the server responded with a status of 404 (Not Found) @ http://localhost:6006/azure-icons/support.svg:0
[ 1649408ms] [ERROR] Failed to load resource: the server responded with a status of 404 (Not Found) @ http://localhost:6006/azure-icons/support.svg:0
[ 1649418ms] [ERROR] Failed to load resource: the server responded with a status of 404 (Not Found) @ http://localhost:6006/azure-icons/load-balancers.svg:0
[ 1675289ms] [ERROR] Failed to load resource: the server responded with a status of 404 (Not Found) @ http://localhost:6006/azure-icons/support.svg:0
[ 1675306ms] [ERROR] Failed to load resource: the server responded with a status of 404 (Not Found) @ http://localhost:6006/azure-icons/support.svg:0
[ 1675320ms] [ERROR] Failed to load resource: the server responded with a status of 404 (Not Found) @ http://localhost:6006/azure-icons/load-balancers.svg:0
[ 1777067ms] [ERROR] Failed to load resource: the server responded with a status of 404 (Not Found) @ http://localhost:6006/azure-icons/support.svg:0
[ 1777080ms] [ERROR] Failed to load resource: the server responded with a status of 404 (Not Found) @ http://localhost:6006/azure-icons/load-balancers.svg:0
